2016-03-27 17:40:58,624 [main] INFO Application - Starting Application on raymond-PC with PID 10432 (G:\dcworkspace\retentionPolicy\target\classes started by raymond in G:\dcworkspace\retentionPolicy)
2016-03-27 17:40:58,629 [main] INFO Application - No active profile set, falling back to default profiles: default
2016-03-27 17:40:58,741 [main] INFO AnnotationConfigApplicationContext - Refreshing org.springframework.context.annotation.AnnotationConfigApplicationContext@25a296b8: startup date [Sun Mar 27 17:40:58 CST 2016]; root of context hierarchy
2016-03-27 17:41:00,176 [main] WARN ClassPathMapperScanner - Skipping MapperFactoryBean with name 'usersMapper' and 'UsersMapper' mapperInterface. Bean already defined with the same name!
2016-03-27 17:41:00,177 [main] WARN ClassPathMapperScanner - No MyBatis mapper was found in '[com.duplicall.retention.mapper]' package. Please check your configuration.
2016-03-27 17:41:00,567 [main] INFO PostProcessorRegistrationDelegate$BeanPostProcessorChecker - Bean 'spring.datasource.CONFIGURATION_PROPERTIES' of type [class org.springframework.boot.autoconfigure.jdbc.DataSourceProperties] is not eligible for getting processed by all BeanPostProcessors (for example: not eligible for auto-proxying)
2016-03-27 17:41:00,568 [main] INFO PostProcessorRegistrationDelegate$BeanPostProcessorChecker - Bean 'org.springframework.boot.autoconfigure.jdbc.DataSourceAutoConfiguration$NonEmbeddedConfiguration' of type [class org.springframework.boot.autoconfigure.jdbc.DataSourceAutoConfiguration$NonEmbeddedConfiguration] is not eligible for getting processed by all BeanPostProcessors (for example: not eligible for auto-proxying)
2016-03-27 17:41:00,730 [main] INFO PostProcessorRegistrationDelegate$BeanPostProcessorChecker - Bean 'dataSource' of type [class com.zaxxer.hikari.HikariDataSource] is not eligible for getting processed by all BeanPostProcessors (for example: not eligible for auto-proxying)
2016-03-27 17:41:00,734 [main] INFO PostProcessorRegistrationDelegate$BeanPostProcessorChecker - Bean 'myBatisConfig' of type [class MyBatisConfig$$EnhancerBySpringCGLIB$$f54185ae] is not eligible for getting processed by all BeanPostProcessors (for example: not eligible for auto-proxying)
2016-03-27 17:41:01,108 [main] INFO PostProcessorRegistrationDelegate$BeanPostProcessorChecker - Bean 'sqlSessionFactory' of type [class org.apache.ibatis.session.defaults.DefaultSqlSessionFactory] is not eligible for getting processed by all BeanPostProcessors (for example: not eligible for auto-proxying)
2016-03-27 17:41:01,126 [main] INFO PostProcessorRegistrationDelegate$BeanPostProcessorChecker - Bean 'sqlSessionTemplate' of type [class org.mybatis.spring.SqlSessionTemplate] is not eligible for getting processed by all BeanPostProcessors (for example: not eligible for auto-proxying)
2016-03-27 17:41:01,127 [main] INFO PostProcessorRegistrationDelegate$BeanPostProcessorChecker - Bean 'usersMapper' of type [class org.mybatis.spring.mapper.MapperFactoryBean] is not eligible for getting processed by all BeanPostProcessors (for example: not eligible for auto-proxying)
2016-03-27 17:41:01,679 [main] INFO AnnotationMBeanExporter - Registering beans for JMX exposure on startup
2016-03-27 17:41:01,680 [main] INFO AnnotationMBeanExporter - Bean with name 'dataSource' has been autodetected for JMX exposure
2016-03-27 17:41:01,686 [main] INFO AnnotationMBeanExporter - Located MBean 'dataSource': registering with JMX server as MBean [com.zaxxer.hikari:name=dataSource,type=HikariDataSource]
2016-03-27 17:41:01,705 [main] INFO Application - -----------------------
2016-03-27 17:41:01,742 [main] INFO HikariDataSource - HikariPool-0 - is starting.
2016-03-27 17:42:56,939 [main] INFO Application - Starting Application on raymond-PC with PID 9060 (G:\dcworkspace\retentionPolicy\target\classes started by raymond in G:\dcworkspace\retentionPolicy)
2016-03-27 17:42:56,949 [main] INFO Application - No active profile set, falling back to default profiles: default
2016-03-27 17:42:57,063 [main] INFO AnnotationConfigApplicationContext - Refreshing org.springframework.context.annotation.AnnotationConfigApplicationContext@63067771: startup date [Sun Mar 27 17:42:57 CST 2016]; root of context hierarchy
2016-03-27 17:42:58,506 [main] WARN ClassPathMapperScanner - Skipping MapperFactoryBean with name 'usersMapper' and 'UsersMapper' mapperInterface. Bean already defined with the same name!
2016-03-27 17:42:58,507 [main] WARN ClassPathMapperScanner - No MyBatis mapper was found in '[com.duplicall.retention.mapper]' package. Please check your configuration.
2016-03-27 17:42:58,875 [main] INFO PostProcessorRegistrationDelegate$BeanPostProcessorChecker - Bean 'spring.datasource.CONFIGURATION_PROPERTIES' of type [class org.springframework.boot.autoconfigure.jdbc.DataSourceProperties] is not eligible for getting processed by all BeanPostProcessors (for example: not eligible for auto-proxying)
2016-03-27 17:42:58,876 [main] INFO PostProcessorRegistrationDelegate$BeanPostProcessorChecker - Bean 'org.springframework.boot.autoconfigure.jdbc.DataSourceAutoConfiguration$NonEmbeddedConfiguration' of type [class org.springframework.boot.autoconfigure.jdbc.DataSourceAutoConfiguration$NonEmbeddedConfiguration] is not eligible for getting processed by all BeanPostProcessors (for example: not eligible for auto-proxying)
2016-03-27 17:42:59,059 [main] INFO PostProcessorRegistrationDelegate$BeanPostProcessorChecker - Bean 'dataSource' of type [class com.zaxxer.hikari.HikariDataSource] is not eligible for getting processed by all BeanPostProcessors (for example: not eligible for auto-proxying)
2016-03-27 17:42:59,062 [main] INFO PostProcessorRegistrationDelegate$BeanPostProcessorChecker - Bean 'myBatisConfig' of type [class MyBatisConfig$$EnhancerBySpringCGLIB$$7a380775] is not eligible for getting processed by all BeanPostProcessors (for example: not eligible for auto-proxying)
2016-03-27 17:42:59,424 [main] INFO PostProcessorRegistrationDelegate$BeanPostProcessorChecker - Bean 'sqlSessionFactory' of type [class org.apache.ibatis.session.defaults.DefaultSqlSessionFactory] is not eligible for getting processed by all BeanPostProcessors (for example: not eligible for auto-proxying)
2016-03-27 17:42:59,443 [main] INFO PostProcessorRegistrationDelegate$BeanPostProcessorChecker - Bean 'sqlSessionTemplate' of type [class org.mybatis.spring.SqlSessionTemplate] is not eligible for getting processed by all BeanPostProcessors (for example: not eligible for auto-proxying)
2016-03-27 17:42:59,444 [main] INFO PostProcessorRegistrationDelegate$BeanPostProcessorChecker - Bean 'usersMapper' of type [class org.mybatis.spring.mapper.MapperFactoryBean] is not eligible for getting processed by all BeanPostProcessors (for example: not eligible for auto-proxying)
2016-03-27 17:43:00,013 [main] INFO AnnotationMBeanExporter - Registering beans for JMX exposure on startup
2016-03-27 17:43:00,015 [main] INFO AnnotationMBeanExporter - Bean with name 'dataSource' has been autodetected for JMX exposure
2016-03-27 17:43:00,023 [main] INFO AnnotationMBeanExporter - Located MBean 'dataSource': registering with JMX server as MBean [com.zaxxer.hikari:name=dataSource,type=HikariDataSource]
2016-03-27 17:43:00,046 [main] INFO Application - ----1  abc 2 cde
2016-03-27 17:43:00,082 [main] INFO HikariDataSource - HikariPool-0 - is starting.
2016-03-27 18:22:59,920 [main] INFO Application - Starting Application on raymond-PC with PID 2724 (G:\dcworkspace\retentionPolicy\target\classes started by raymond in G:\dcworkspace\retentionPolicy)
2016-03-27 18:22:59,969 [main] INFO Application - No active profile set, falling back to default profiles: default
2016-03-27 18:23:00,085 [main] INFO AnnotationConfigApplicationContext - Refreshing org.springframework.context.annotation.AnnotationConfigApplicationContext@3d8bce81: startup date [Sun Mar 27 18:23:00 CST 2016]; root of context hierarchy
2016-03-27 18:23:01,452 [main] WARN ClassPathMapperScanner - Skipping MapperFactoryBean with name 'usersMapper' and 'UsersMapper' mapperInterface. Bean already defined with the same name!
2016-03-27 18:23:01,453 [main] WARN ClassPathMapperScanner - No MyBatis mapper was found in '[com.duplicall.retention.mapper]' package. Please check your configuration.
2016-03-27 18:23:01,841 [main] INFO PostProcessorRegistrationDelegate$BeanPostProcessorChecker - Bean 'spring.datasource.CONFIGURATION_PROPERTIES' of type [class org.springframework.boot.autoconfigure.jdbc.DataSourceProperties] is not eligible for getting processed by all BeanPostProcessors (for example: not eligible for auto-proxying)
2016-03-27 18:23:01,842 [main] INFO PostProcessorRegistrationDelegate$BeanPostProcessorChecker - Bean 'org.springframework.boot.autoconfigure.jdbc.DataSourceAutoConfiguration$NonEmbeddedConfiguration' of type [class org.springframework.boot.autoconfigure.jdbc.DataSourceAutoConfiguration$NonEmbeddedConfiguration] is not eligible for getting processed by all BeanPostProcessors (for example: not eligible for auto-proxying)
2016-03-27 18:23:02,007 [main] INFO PostProcessorRegistrationDelegate$BeanPostProcessorChecker - Bean 'dataSource' of type [class com.zaxxer.hikari.HikariDataSource] is not eligible for getting processed by all BeanPostProcessors (for example: not eligible for auto-proxying)
2016-03-27 18:23:02,011 [main] INFO PostProcessorRegistrationDelegate$BeanPostProcessorChecker - Bean 'myBatisConfig' of type [class MyBatisConfig$$EnhancerBySpringCGLIB$$25c3fd30] is not eligible for getting processed by all BeanPostProcessors (for example: not eligible for auto-proxying)
2016-03-27 18:23:02,362 [main] INFO PostProcessorRegistrationDelegate$BeanPostProcessorChecker - Bean 'sqlSessionFactory' of type [class org.apache.ibatis.session.defaults.DefaultSqlSessionFactory] is not eligible for getting processed by all BeanPostProcessors (for example: not eligible for auto-proxying)
2016-03-27 18:23:02,381 [main] INFO PostProcessorRegistrationDelegate$BeanPostProcessorChecker - Bean 'sqlSessionTemplate' of type [class org.mybatis.spring.SqlSessionTemplate] is not eligible for getting processed by all BeanPostProcessors (for example: not eligible for auto-proxying)
2016-03-27 18:23:02,382 [main] INFO PostProcessorRegistrationDelegate$BeanPostProcessorChecker - Bean 'usersMapper' of type [class org.mybatis.spring.mapper.MapperFactoryBean] is not eligible for getting processed by all BeanPostProcessors (for example: not eligible for auto-proxying)
2016-03-27 18:23:02,929 [main] INFO AnnotationMBeanExporter - Registering beans for JMX exposure on startup
2016-03-27 18:23:02,931 [main] INFO AnnotationMBeanExporter - Bean with name 'dataSource' has been autodetected for JMX exposure
2016-03-27 18:23:02,937 [main] INFO AnnotationMBeanExporter - Located MBean 'dataSource': registering with JMX server as MBean [com.zaxxer.hikari:name=dataSource,type=HikariDataSource]
2016-03-27 18:23:02,991 [main] INFO HikariDataSource - HikariPool-0 - is starting.
2016-03-27 21:55:44,854 [main] INFO Application - Starting Application on raymond-PC with PID 8476 (G:\dcworkspace\retentionPolicy\target\classes started by raymond in G:\dcworkspace\retentionPolicy)
2016-03-27 21:55:44,857 [main] INFO Application - No active profile set, falling back to default profiles: default
2016-03-27 21:55:44,940 [main] INFO AnnotationConfigApplicationContext - Refreshing org.springframework.context.annotation.AnnotationConfigApplicationContext@1d1841f8: startup date [Sun Mar 27 21:55:44 CST 2016]; root of context hierarchy
2016-03-27 21:55:46,763 [main] WARN ClassPathMapperScanner - Skipping MapperFactoryBean with name 'usersMapper' and 'UsersMapper' mapperInterface. Bean already defined with the same name!
2016-03-27 21:55:46,763 [main] WARN ClassPathMapperScanner - No MyBatis mapper was found in '[com.duplicall.retention.mapper]' package. Please check your configuration.
2016-03-27 21:55:47,258 [main] INFO PostProcessorRegistrationDelegate$BeanPostProcessorChecker - Bean 'spring.datasource.CONFIGURATION_PROPERTIES' of type [class org.springframework.boot.autoconfigure.jdbc.DataSourceProperties] is not eligible for getting processed by all BeanPostProcessors (for example: not eligible for auto-proxying)
2016-03-27 21:55:47,260 [main] INFO PostProcessorRegistrationDelegate$BeanPostProcessorChecker - Bean 'org.springframework.boot.autoconfigure.jdbc.DataSourceAutoConfiguration$NonEmbeddedConfiguration' of type [class org.springframework.boot.autoconfigure.jdbc.DataSourceAutoConfiguration$NonEmbeddedConfiguration] is not eligible for getting processed by all BeanPostProcessors (for example: not eligible for auto-proxying)
2016-03-27 21:55:47,435 [main] INFO PostProcessorRegistrationDelegate$BeanPostProcessorChecker - Bean 'dataSource' of type [class com.zaxxer.hikari.HikariDataSource] is not eligible for getting processed by all BeanPostProcessors (for example: not eligible for auto-proxying)
2016-03-27 21:55:47,441 [main] INFO PostProcessorRegistrationDelegate$BeanPostProcessorChecker - Bean 'myBatisConfig' of type [class MyBatisConfig$$EnhancerBySpringCGLIB$$fe56e909] is not eligible for getting processed by all BeanPostProcessors (for example: not eligible for auto-proxying)
2016-03-27 21:55:47,905 [main] INFO PostProcessorRegistrationDelegate$BeanPostProcessorChecker - Bean 'sqlSessionFactory' of type [class org.apache.ibatis.session.defaults.DefaultSqlSessionFactory] is not eligible for getting processed by all BeanPostProcessors (for example: not eligible for auto-proxying)
2016-03-27 21:55:47,929 [main] INFO PostProcessorRegistrationDelegate$BeanPostProcessorChecker - Bean 'sqlSessionTemplate' of type [class org.mybatis.spring.SqlSessionTemplate] is not eligible for getting processed by all BeanPostProcessors (for example: not eligible for auto-proxying)
2016-03-27 21:55:47,932 [main] INFO PostProcessorRegistrationDelegate$BeanPostProcessorChecker - Bean 'IUserService' of type [class org.mybatis.spring.mapper.MapperFactoryBean] is not eligible for getting processed by all BeanPostProcessors (for example: not eligible for auto-proxying)
2016-03-27 21:55:47,937 [main] INFO PostProcessorRegistrationDelegate$BeanPostProcessorChecker - Bean 'usersMapper' of type [class org.mybatis.spring.mapper.MapperFactoryBean] is not eligible for getting processed by all BeanPostProcessors (for example: not eligible for auto-proxying)
2016-03-27 21:55:48,490 [main] INFO AnnotationMBeanExporter - Registering beans for JMX exposure on startup
2016-03-27 21:55:48,492 [main] INFO AnnotationMBeanExporter - Bean with name 'dataSource' has been autodetected for JMX exposure
2016-03-27 21:55:48,497 [main] INFO AnnotationMBeanExporter - Located MBean 'dataSource': registering with JMX server as MBean [com.zaxxer.hikari:name=dataSource,type=HikariDataSource]
2016-03-27 21:55:48,566 [main] INFO HikariDataSource - HikariPool-0 - is starting.
2016-03-27 21:55:49,084 [main] INFO XmlBeanDefinitionReader - Loading XML bean definitions from class path resource [org/springframework/jdbc/support/sql-error-codes.xml]
2016-03-27 21:55:49,224 [main] INFO SQLErrorCodesFactory - SQLErrorCodes loaded: [DB2, Derby, H2, HSQL, Informix, MS-SQL, MySQL, Oracle, PostgreSQL, Sybase, Hana]
2016-03-27 21:55:49,238 [main] ERROR Application - 
### Error updating database.  Cause: com.mysql.jdbc.exceptions.jdbc4.MySQLIntegrityConstraintViolationException: Column 'organization_id' cannot be null
### The error may involve UsersMapper.insert-Inline
### The error occurred while setting parameters
### SQL: insert into users (id, first_name, last_name,        email_address, organization_id, login_id,        password, employee_id)     values (?, ?, ?,        ?, ?, ?,        ?, ?)
### Cause: com.mysql.jdbc.exceptions.jdbc4.MySQLIntegrityConstraintViolationException: Column 'organization_id' cannot be null
; SQL []; Column 'organization_id' cannot be null; nested exception is com.mysql.jdbc.exceptions.jdbc4.MySQLIntegrityConstraintViolationException: Column 'organization_id' cannot be null
2016-03-27 21:55:49,241 [main] INFO Application - Started Application in 5.348 seconds (JVM running for 6.359)
2016-03-27 21:55:49,242 [Thread-1] INFO AnnotationConfigApplicationContext - Closing org.springframework.context.annotation.AnnotationConfigApplicationContext@1d1841f8: startup date [Sun Mar 27 21:55:44 CST 2016]; root of context hierarchy
2016-03-27 21:55:49,267 [Thread-1] INFO AnnotationMBeanExporter - Unregistering JMX-exposed beans on shutdown
2016-03-27 21:55:49,267 [Thread-1] INFO AnnotationMBeanExporter - Unregistering JMX-exposed beans
2016-03-27 21:55:49,270 [Thread-1] WARN DisposableBeanAdapter - Invocation of destroy method 'close' failed on bean with name 'sqlSessionTemplate': java.lang.UnsupportedOperationException: Manual close is not allowed over a Spring managed SqlSession
2016-03-27 21:55:49,271 [Thread-1] INFO HikariPool - HikariPool-0 - is closing down.
2016-03-27 21:56:38,660 [main] INFO Application - Starting Application on raymond-PC with PID 11936 (G:\dcworkspace\retentionPolicy\target\classes started by raymond in G:\dcworkspace\retentionPolicy)
2016-03-27 21:56:38,666 [main] INFO Application - No active profile set, falling back to default profiles: default
2016-03-27 21:56:38,790 [main] INFO AnnotationConfigApplicationContext - Refreshing org.springframework.context.annotation.AnnotationConfigApplicationContext@bec04ab: startup date [Sun Mar 27 21:56:38 CST 2016]; root of context hierarchy
2016-03-27 21:56:40,166 [main] WARN ClassPathMapperScanner - Skipping MapperFactoryBean with name 'usersMapper' and 'UsersMapper' mapperInterface. Bean already defined with the same name!
2016-03-27 21:56:40,166 [main] WARN ClassPathMapperScanner - No MyBatis mapper was found in '[com.duplicall.retention.mapper]' package. Please check your configuration.
2016-03-27 21:56:40,582 [main] INFO PostProcessorRegistrationDelegate$BeanPostProcessorChecker - Bean 'spring.datasource.CONFIGURATION_PROPERTIES' of type [class org.springframework.boot.autoconfigure.jdbc.DataSourceProperties] is not eligible for getting processed by all BeanPostProcessors (for example: not eligible for auto-proxying)
2016-03-27 21:56:40,583 [main] INFO PostProcessorRegistrationDelegate$BeanPostProcessorChecker - Bean 'org.springframework.boot.autoconfigure.jdbc.DataSourceAutoConfiguration$NonEmbeddedConfiguration' of type [class org.springframework.boot.autoconfigure.jdbc.DataSourceAutoConfiguration$NonEmbeddedConfiguration] is not eligible for getting processed by all BeanPostProcessors (for example: not eligible for auto-proxying)
2016-03-27 21:56:40,745 [main] INFO PostProcessorRegistrationDelegate$BeanPostProcessorChecker - Bean 'dataSource' of type [class com.zaxxer.hikari.HikariDataSource] is not eligible for getting processed by all BeanPostProcessors (for example: not eligible for auto-proxying)
2016-03-27 21:56:40,749 [main] INFO PostProcessorRegistrationDelegate$BeanPostProcessorChecker - Bean 'myBatisConfig' of type [class MyBatisConfig$$EnhancerBySpringCGLIB$$c19ad23c] is not eligible for getting processed by all BeanPostProcessors (for example: not eligible for auto-proxying)
2016-03-27 21:56:41,115 [main] INFO PostProcessorRegistrationDelegate$BeanPostProcessorChecker - Bean 'sqlSessionFactory' of type [class org.apache.ibatis.session.defaults.DefaultSqlSessionFactory] is not eligible for getting processed by all BeanPostProcessors (for example: not eligible for auto-proxying)
2016-03-27 21:56:41,133 [main] INFO PostProcessorRegistrationDelegate$BeanPostProcessorChecker - Bean 'sqlSessionTemplate' of type [class org.mybatis.spring.SqlSessionTemplate] is not eligible for getting processed by all BeanPostProcessors (for example: not eligible for auto-proxying)
2016-03-27 21:56:41,135 [main] INFO PostProcessorRegistrationDelegate$BeanPostProcessorChecker - Bean 'IUserService' of type [class org.mybatis.spring.mapper.MapperFactoryBean] is not eligible for getting processed by all BeanPostProcessors (for example: not eligible for auto-proxying)
2016-03-27 21:56:41,138 [main] INFO PostProcessorRegistrationDelegate$BeanPostProcessorChecker - Bean 'usersMapper' of type [class org.mybatis.spring.mapper.MapperFactoryBean] is not eligible for getting processed by all BeanPostProcessors (for example: not eligible for auto-proxying)
2016-03-27 21:56:41,685 [main] INFO AnnotationMBeanExporter - Registering beans for JMX exposure on startup
2016-03-27 21:56:41,687 [main] INFO AnnotationMBeanExporter - Bean with name 'dataSource' has been autodetected for JMX exposure
2016-03-27 21:56:41,692 [main] INFO AnnotationMBeanExporter - Located MBean 'dataSource': registering with JMX server as MBean [com.zaxxer.hikari:name=dataSource,type=HikariDataSource]
2016-03-27 21:56:41,789 [main] INFO HikariDataSource - HikariPool-0 - is starting.
2016-03-27 21:56:42,348 [main] INFO XmlBeanDefinitionReader - Loading XML bean definitions from class path resource [org/springframework/jdbc/support/sql-error-codes.xml]
2016-03-27 21:56:42,436 [main] INFO SQLErrorCodesFactory - SQLErrorCodes loaded: [DB2, Derby, H2, HSQL, Informix, MS-SQL, MySQL, Oracle, PostgreSQL, Sybase, Hana]
2016-03-27 21:56:42,446 [main] ERROR Application - 
### Error updating database.  Cause: com.mysql.jdbc.exceptions.jdbc4.MySQLIntegrityConstraintViolationException: Cannot add or update a child row: a foreign key constraint fails (`ngp`.`users`, CONSTRAINT `FK_users_1` FOREIGN KEY (`organization_id`) REFERENCES `organizations` (`id`))
### The error may involve UsersMapper.insertSelective-Inline
### The error occurred while setting parameters
### SQL: insert into users          ( id,                                           first_name,                                                                     organization_id,                                           login_id )           values ( ?,                                           ?,                                                                     ?,                                           ? )
### Cause: com.mysql.jdbc.exceptions.jdbc4.MySQLIntegrityConstraintViolationException: Cannot add or update a child row: a foreign key constraint fails (`ngp`.`users`, CONSTRAINT `FK_users_1` FOREIGN KEY (`organization_id`) REFERENCES `organizations` (`id`))
; SQL []; Cannot add or update a child row: a foreign key constraint fails (`ngp`.`users`, CONSTRAINT `FK_users_1` FOREIGN KEY (`organization_id`) REFERENCES `organizations` (`id`)); nested exception is com.mysql.jdbc.exceptions.jdbc4.MySQLIntegrityConstraintViolationException: Cannot add or update a child row: a foreign key constraint fails (`ngp`.`users`, CONSTRAINT `FK_users_1` FOREIGN KEY (`organization_id`) REFERENCES `organizations` (`id`))
2016-03-27 21:56:42,448 [main] INFO Application - Started Application in 4.603 seconds (JVM running for 5.647)
2016-03-27 21:56:42,449 [Thread-1] INFO AnnotationConfigApplicationContext - Closing org.springframework.context.annotation.AnnotationConfigApplicationContext@bec04ab: startup date [Sun Mar 27 21:56:38 CST 2016]; root of context hierarchy
2016-03-27 21:56:42,453 [Thread-1] INFO AnnotationMBeanExporter - Unregistering JMX-exposed beans on shutdown
2016-03-27 21:56:42,453 [Thread-1] INFO AnnotationMBeanExporter - Unregistering JMX-exposed beans
2016-03-27 21:56:42,456 [Thread-1] WARN DisposableBeanAdapter - Invocation of destroy method 'close' failed on bean with name 'sqlSessionTemplate': java.lang.UnsupportedOperationException: Manual close is not allowed over a Spring managed SqlSession
2016-03-27 21:56:42,456 [Thread-1] INFO HikariPool - HikariPool-0 - is closing down.
2016-03-27 21:59:18,692 [main] INFO Application - Starting Application on raymond-PC with PID 9468 (G:\dcworkspace\retentionPolicy\target\classes started by raymond in G:\dcworkspace\retentionPolicy)
2016-03-27 21:59:18,698 [main] INFO Application - No active profile set, falling back to default profiles: default
2016-03-27 21:59:18,792 [main] INFO AnnotationConfigApplicationContext - Refreshing org.springframework.context.annotation.AnnotationConfigApplicationContext@55551d55: startup date [Sun Mar 27 21:59:18 CST 2016]; root of context hierarchy
2016-03-27 21:59:20,197 [main] WARN ClassPathMapperScanner - Skipping MapperFactoryBean with name 'usersMapper' and 'UsersMapper' mapperInterface. Bean already defined with the same name!
2016-03-27 21:59:20,197 [main] WARN ClassPathMapperScanner - No MyBatis mapper was found in '[com.duplicall.retention.mapper]' package. Please check your configuration.
2016-03-27 21:59:20,585 [main] INFO PostProcessorRegistrationDelegate$BeanPostProcessorChecker - Bean 'spring.datasource.CONFIGURATION_PROPERTIES' of type [class org.springframework.boot.autoconfigure.jdbc.DataSourceProperties] is not eligible for getting processed by all BeanPostProcessors (for example: not eligible for auto-proxying)
2016-03-27 21:59:20,586 [main] INFO PostProcessorRegistrationDelegate$BeanPostProcessorChecker - Bean 'org.springframework.boot.autoconfigure.jdbc.DataSourceAutoConfiguration$NonEmbeddedConfiguration' of type [class org.springframework.boot.autoconfigure.jdbc.DataSourceAutoConfiguration$NonEmbeddedConfiguration] is not eligible for getting processed by all BeanPostProcessors (for example: not eligible for auto-proxying)
2016-03-27 21:59:20,755 [main] INFO PostProcessorRegistrationDelegate$BeanPostProcessorChecker - Bean 'dataSource' of type [class com.zaxxer.hikari.HikariDataSource] is not eligible for getting processed by all BeanPostProcessors (for example: not eligible for auto-proxying)
2016-03-27 21:59:20,759 [main] INFO PostProcessorRegistrationDelegate$BeanPostProcessorChecker - Bean 'myBatisConfig' of type [class MyBatisConfig$$EnhancerBySpringCGLIB$$29a6e049] is not eligible for getting processed by all BeanPostProcessors (for example: not eligible for auto-proxying)
2016-03-27 21:59:21,144 [main] INFO PostProcessorRegistrationDelegate$BeanPostProcessorChecker - Bean 'sqlSessionFactory' of type [class org.apache.ibatis.session.defaults.DefaultSqlSessionFactory] is not eligible for getting processed by all BeanPostProcessors (for example: not eligible for auto-proxying)
2016-03-27 21:59:21,162 [main] INFO PostProcessorRegistrationDelegate$BeanPostProcessorChecker - Bean 'sqlSessionTemplate' of type [class org.mybatis.spring.SqlSessionTemplate] is not eligible for getting processed by all BeanPostProcessors (for example: not eligible for auto-proxying)
2016-03-27 21:59:21,165 [main] INFO PostProcessorRegistrationDelegate$BeanPostProcessorChecker - Bean 'IUserService' of type [class org.mybatis.spring.mapper.MapperFactoryBean] is not eligible for getting processed by all BeanPostProcessors (for example: not eligible for auto-proxying)
2016-03-27 21:59:21,167 [main] INFO PostProcessorRegistrationDelegate$BeanPostProcessorChecker - Bean 'usersMapper' of type [class org.mybatis.spring.mapper.MapperFactoryBean] is not eligible for getting processed by all BeanPostProcessors (for example: not eligible for auto-proxying)
2016-03-27 21:59:21,737 [main] INFO AnnotationMBeanExporter - Registering beans for JMX exposure on startup
2016-03-27 21:59:21,739 [main] INFO AnnotationMBeanExporter - Bean with name 'dataSource' has been autodetected for JMX exposure
2016-03-27 21:59:21,745 [main] INFO AnnotationMBeanExporter - Located MBean 'dataSource': registering with JMX server as MBean [com.zaxxer.hikari:name=dataSource,type=HikariDataSource]
2016-03-27 21:59:21,837 [main] INFO HikariDataSource - HikariPool-0 - is starting.
2016-03-27 21:59:22,335 [main] INFO XmlBeanDefinitionReader - Loading XML bean definitions from class path resource [org/springframework/jdbc/support/sql-error-codes.xml]
2016-03-27 21:59:22,417 [main] INFO SQLErrorCodesFactory - SQLErrorCodes loaded: [DB2, Derby, H2, HSQL, Informix, MS-SQL, MySQL, Oracle, PostgreSQL, Sybase, Hana]
2016-03-27 21:59:22,427 [main] ERROR Application - 
### Error updating database.  Cause: com.mysql.jdbc.exceptions.jdbc4.MySQLIntegrityConstraintViolationException: Cannot add or update a child row: a foreign key constraint fails (`ngp`.`users`, CONSTRAINT `FK_users_1` FOREIGN KEY (`organization_id`) REFERENCES `organizations` (`id`))
### The error may involve UsersMapper.updateByPrimaryKeySelective-Inline
### The error occurred while setting parameters
### SQL: update users          SET organization_id = ?          where id = ?
### Cause: com.mysql.jdbc.exceptions.jdbc4.MySQLIntegrityConstraintViolationException: Cannot add or update a child row: a foreign key constraint fails (`ngp`.`users`, CONSTRAINT `FK_users_1` FOREIGN KEY (`organization_id`) REFERENCES `organizations` (`id`))
; SQL []; Cannot add or update a child row: a foreign key constraint fails (`ngp`.`users`, CONSTRAINT `FK_users_1` FOREIGN KEY (`organization_id`) REFERENCES `organizations` (`id`)); nested exception is com.mysql.jdbc.exceptions.jdbc4.MySQLIntegrityConstraintViolationException: Cannot add or update a child row: a foreign key constraint fails (`ngp`.`users`, CONSTRAINT `FK_users_1` FOREIGN KEY (`organization_id`) REFERENCES `organizations` (`id`))
2016-03-27 21:59:22,429 [main] INFO Application - Started Application in 4.528 seconds (JVM running for 5.567)
2016-03-27 21:59:22,430 [Thread-1] INFO AnnotationConfigApplicationContext - Closing org.springframework.context.annotation.AnnotationConfigApplicationContext@55551d55: startup date [Sun Mar 27 21:59:18 CST 2016]; root of context hierarchy
2016-03-27 21:59:22,432 [Thread-1] INFO AnnotationMBeanExporter - Unregistering JMX-exposed beans on shutdown
2016-03-27 21:59:22,433 [Thread-1] INFO AnnotationMBeanExporter - Unregistering JMX-exposed beans
2016-03-27 21:59:22,435 [Thread-1] WARN DisposableBeanAdapter - Invocation of destroy method 'close' failed on bean with name 'sqlSessionTemplate': java.lang.UnsupportedOperationException: Manual close is not allowed over a Spring managed SqlSession
2016-03-27 21:59:22,435 [Thread-1] INFO HikariPool - HikariPool-0 - is closing down.
2016-03-27 22:00:13,380 [main] INFO Application - Starting Application on raymond-PC with PID 7520 (G:\dcworkspace\retentionPolicy\target\classes started by raymond in G:\dcworkspace\retentionPolicy)
2016-03-27 22:00:13,386 [main] INFO Application - No active profile set, falling back to default profiles: default
2016-03-27 22:00:13,494 [main] INFO AnnotationConfigApplicationContext - Refreshing org.springframework.context.annotation.AnnotationConfigApplicationContext@1d1841f8: startup date [Sun Mar 27 22:00:13 CST 2016]; root of context hierarchy
2016-03-27 22:00:14,782 [main] WARN ClassPathMapperScanner - Skipping MapperFactoryBean with name 'usersMapper' and 'UsersMapper' mapperInterface. Bean already defined with the same name!
2016-03-27 22:00:14,782 [main] WARN ClassPathMapperScanner - No MyBatis mapper was found in '[com.duplicall.retention.mapper]' package. Please check your configuration.
2016-03-27 22:00:15,225 [main] INFO PostProcessorRegistrationDelegate$BeanPostProcessorChecker - Bean 'spring.datasource.CONFIGURATION_PROPERTIES' of type [class org.springframework.boot.autoconfigure.jdbc.DataSourceProperties] is not eligible for getting processed by all BeanPostProcessors (for example: not eligible for auto-proxying)
2016-03-27 22:00:15,226 [main] INFO PostProcessorRegistrationDelegate$BeanPostProcessorChecker - Bean 'org.springframework.boot.autoconfigure.jdbc.DataSourceAutoConfiguration$NonEmbeddedConfiguration' of type [class org.springframework.boot.autoconfigure.jdbc.DataSourceAutoConfiguration$NonEmbeddedConfiguration] is not eligible for getting processed by all BeanPostProcessors (for example: not eligible for auto-proxying)
2016-03-27 22:00:15,396 [main] INFO PostProcessorRegistrationDelegate$BeanPostProcessorChecker - Bean 'dataSource' of type [class com.zaxxer.hikari.HikariDataSource] is not eligible for getting processed by all BeanPostProcessors (for example: not eligible for auto-proxying)
2016-03-27 22:00:15,401 [main] INFO PostProcessorRegistrationDelegate$BeanPostProcessorChecker - Bean 'myBatisConfig' of type [class MyBatisConfig$$EnhancerBySpringCGLIB$$c19ad23c] is not eligible for getting processed by all BeanPostProcessors (for example: not eligible for auto-proxying)
2016-03-27 22:00:15,856 [main] INFO PostProcessorRegistrationDelegate$BeanPostProcessorChecker - Bean 'sqlSessionFactory' of type [class org.apache.ibatis.session.defaults.DefaultSqlSessionFactory] is not eligible for getting processed by all BeanPostProcessors (for example: not eligible for auto-proxying)
2016-03-27 22:00:15,877 [main] INFO PostProcessorRegistrationDelegate$BeanPostProcessorChecker - Bean 'sqlSessionTemplate' of type [class org.mybatis.spring.SqlSessionTemplate] is not eligible for getting processed by all BeanPostProcessors (for example: not eligible for auto-proxying)
2016-03-27 22:00:15,879 [main] INFO PostProcessorRegistrationDelegate$BeanPostProcessorChecker - Bean 'IUserService' of type [class org.mybatis.spring.mapper.MapperFactoryBean] is not eligible for getting processed by all BeanPostProcessors (for example: not eligible for auto-proxying)
2016-03-27 22:00:15,883 [main] INFO PostProcessorRegistrationDelegate$BeanPostProcessorChecker - Bean 'usersMapper' of type [class org.mybatis.spring.mapper.MapperFactoryBean] is not eligible for getting processed by all BeanPostProcessors (for example: not eligible for auto-proxying)
2016-03-27 22:00:16,441 [main] INFO AnnotationMBeanExporter - Registering beans for JMX exposure on startup
2016-03-27 22:00:16,443 [main] INFO AnnotationMBeanExporter - Bean with name 'dataSource' has been autodetected for JMX exposure
2016-03-27 22:00:16,448 [main] INFO AnnotationMBeanExporter - Located MBean 'dataSource': registering with JMX server as MBean [com.zaxxer.hikari:name=dataSource,type=HikariDataSource]
2016-03-27 22:00:16,547 [main] INFO HikariDataSource - HikariPool-0 - is starting.
2016-03-27 22:01:22,218 [main] INFO Application - Starting Application on raymond-PC with PID 13248 (G:\dcworkspace\retentionPolicy\target\classes started by raymond in G:\dcworkspace\retentionPolicy)
2016-03-27 22:01:22,224 [main] INFO Application - No active profile set, falling back to default profiles: default
2016-03-27 22:01:22,325 [main] INFO AnnotationConfigApplicationContext - Refreshing org.springframework.context.annotation.AnnotationConfigApplicationContext@25a296b8: startup date [Sun Mar 27 22:01:22 CST 2016]; root of context hierarchy
2016-03-27 22:01:24,093 [main] WARN ClassPathMapperScanner - Skipping MapperFactoryBean with name 'usersMapper' and 'UsersMapper' mapperInterface. Bean already defined with the same name!
2016-03-27 22:01:24,094 [main] WARN ClassPathMapperScanner - No MyBatis mapper was found in '[com.duplicall.retention.mapper]' package. Please check your configuration.
2016-03-27 22:01:24,588 [main] INFO PostProcessorRegistrationDelegate$BeanPostProcessorChecker - Bean 'spring.datasource.CONFIGURATION_PROPERTIES' of type [class org.springframework.boot.autoconfigure.jdbc.DataSourceProperties] is not eligible for getting processed by all BeanPostProcessors (for example: not eligible for auto-proxying)
2016-03-27 22:01:24,589 [main] INFO PostProcessorRegistrationDelegate$BeanPostProcessorChecker - Bean 'org.springframework.boot.autoconfigure.jdbc.DataSourceAutoConfiguration$NonEmbeddedConfiguration' of type [class org.springframework.boot.autoconfigure.jdbc.DataSourceAutoConfiguration$NonEmbeddedConfiguration] is not eligible for getting processed by all BeanPostProcessors (for example: not eligible for auto-proxying)
2016-03-27 22:01:24,805 [main] INFO PostProcessorRegistrationDelegate$BeanPostProcessorChecker - Bean 'dataSource' of type [class com.zaxxer.hikari.HikariDataSource] is not eligible for getting processed by all BeanPostProcessors (for example: not eligible for auto-proxying)
2016-03-27 22:01:24,811 [main] INFO PostProcessorRegistrationDelegate$BeanPostProcessorChecker - Bean 'myBatisConfig' of type [class MyBatisConfig$$EnhancerBySpringCGLIB$$3facc543] is not eligible for getting processed by all BeanPostProcessors (for example: not eligible for auto-proxying)
2016-03-27 22:01:25,244 [main] INFO PostProcessorRegistrationDelegate$BeanPostProcessorChecker - Bean 'sqlSessionFactory' of type [class org.apache.ibatis.session.defaults.DefaultSqlSessionFactory] is not eligible for getting processed by all BeanPostProcessors (for example: not eligible for auto-proxying)
2016-03-27 22:01:25,262 [main] INFO PostProcessorRegistrationDelegate$BeanPostProcessorChecker - Bean 'sqlSessionTemplate' of type [class org.mybatis.spring.SqlSessionTemplate] is not eligible for getting processed by all BeanPostProcessors (for example: not eligible for auto-proxying)
2016-03-27 22:01:25,265 [main] INFO PostProcessorRegistrationDelegate$BeanPostProcessorChecker - Bean 'IUserService' of type [class org.mybatis.spring.mapper.MapperFactoryBean] is not eligible for getting processed by all BeanPostProcessors (for example: not eligible for auto-proxying)
2016-03-27 22:01:25,268 [main] INFO PostProcessorRegistrationDelegate$BeanPostProcessorChecker - Bean 'usersMapper' of type [class org.mybatis.spring.mapper.MapperFactoryBean] is not eligible for getting processed by all BeanPostProcessors (for example: not eligible for auto-proxying)
2016-03-27 22:01:25,824 [main] INFO AnnotationMBeanExporter - Registering beans for JMX exposure on startup
2016-03-27 22:01:25,826 [main] INFO AnnotationMBeanExporter - Bean with name 'dataSource' has been autodetected for JMX exposure
2016-03-27 22:01:25,831 [main] INFO AnnotationMBeanExporter - Located MBean 'dataSource': registering with JMX server as MBean [com.zaxxer.hikari:name=dataSource,type=HikariDataSource]
2016-03-27 22:01:25,950 [main] INFO HikariDataSource - HikariPool-0 - is starting.
2016-03-27 22:01:26,399 [main] ERROR Application - error update user
2016-03-27 22:01:26,404 [main] INFO Application - Started Application in 5.195 seconds (JVM running for 6.481)
2016-03-27 22:01:26,406 [Thread-1] INFO AnnotationConfigApplicationContext - Closing org.springframework.context.annotation.AnnotationConfigApplicationContext@25a296b8: startup date [Sun Mar 27 22:01:22 CST 2016]; root of context hierarchy
2016-03-27 22:01:26,412 [Thread-1] INFO AnnotationMBeanExporter - Unregistering JMX-exposed beans on shutdown
2016-03-27 22:01:26,412 [Thread-1] INFO AnnotationMBeanExporter - Unregistering JMX-exposed beans
2016-03-27 22:01:26,417 [Thread-1] WARN DisposableBeanAdapter - Invocation of destroy method 'close' failed on bean with name 'sqlSessionTemplate': java.lang.UnsupportedOperationException: Manual close is not allowed over a Spring managed SqlSession
2016-03-27 22:01:26,418 [Thread-1] INFO HikariPool - HikariPool-0 - is closing down.
2016-03-27 22:02:25,283 [main] INFO Application - Starting Application on raymond-PC with PID 10360 (G:\dcworkspace\retentionPolicy\target\classes started by raymond in G:\dcworkspace\retentionPolicy)
2016-03-27 22:02:25,289 [main] INFO Application - No active profile set, falling back to default profiles: default
2016-03-27 22:02:25,423 [main] INFO AnnotationConfigApplicationContext - Refreshing org.springframework.context.annotation.AnnotationConfigApplicationContext@1d1841f8: startup date [Sun Mar 27 22:02:25 CST 2016]; root of context hierarchy
2016-03-27 22:02:26,710 [main] WARN ClassPathMapperScanner - Skipping MapperFactoryBean with name 'usersMapper' and 'UsersMapper' mapperInterface. Bean already defined with the same name!
2016-03-27 22:02:26,711 [main] WARN ClassPathMapperScanner - No MyBatis mapper was found in '[com.duplicall.retention.mapper]' package. Please check your configuration.
2016-03-27 22:02:27,101 [main] INFO PostProcessorRegistrationDelegate$BeanPostProcessorChecker - Bean 'spring.datasource.CONFIGURATION_PROPERTIES' of type [class org.springframework.boot.autoconfigure.jdbc.DataSourceProperties] is not eligible for getting processed by all BeanPostProcessors (for example: not eligible for auto-proxying)
2016-03-27 22:02:27,102 [main] INFO PostProcessorRegistrationDelegate$BeanPostProcessorChecker - Bean 'org.springframework.boot.autoconfigure.jdbc.DataSourceAutoConfiguration$NonEmbeddedConfiguration' of type [class org.springframework.boot.autoconfigure.jdbc.DataSourceAutoConfiguration$NonEmbeddedConfiguration] is not eligible for getting processed by all BeanPostProcessors (for example: not eligible for auto-proxying)
2016-03-27 22:02:27,267 [main] INFO PostProcessorRegistrationDelegate$BeanPostProcessorChecker - Bean 'dataSource' of type [class com.zaxxer.hikari.HikariDataSource] is not eligible for getting processed by all BeanPostProcessors (for example: not eligible for auto-proxying)
2016-03-27 22:02:27,271 [main] INFO PostProcessorRegistrationDelegate$BeanPostProcessorChecker - Bean 'myBatisConfig' of type [class MyBatisConfig$$EnhancerBySpringCGLIB$$b5714061] is not eligible for getting processed by all BeanPostProcessors (for example: not eligible for auto-proxying)
2016-03-27 22:02:27,637 [main] INFO PostProcessorRegistrationDelegate$BeanPostProcessorChecker - Bean 'sqlSessionFactory' of type [class org.apache.ibatis.session.defaults.DefaultSqlSessionFactory] is not eligible for getting processed by all BeanPostProcessors (for example: not eligible for auto-proxying)
2016-03-27 22:02:27,654 [main] INFO PostProcessorRegistrationDelegate$BeanPostProcessorChecker - Bean 'sqlSessionTemplate' of type [class org.mybatis.spring.SqlSessionTemplate] is not eligible for getting processed by all BeanPostProcessors (for example: not eligible for auto-proxying)
2016-03-27 22:02:27,657 [main] INFO PostProcessorRegistrationDelegate$BeanPostProcessorChecker - Bean 'IUserService' of type [class org.mybatis.spring.mapper.MapperFactoryBean] is not eligible for getting processed by all BeanPostProcessors (for example: not eligible for auto-proxying)
2016-03-27 22:02:27,660 [main] INFO PostProcessorRegistrationDelegate$BeanPostProcessorChecker - Bean 'usersMapper' of type [class org.mybatis.spring.mapper.MapperFactoryBean] is not eligible for getting processed by all BeanPostProcessors (for example: not eligible for auto-proxying)
2016-03-27 22:02:28,429 [main] INFO AnnotationMBeanExporter - Registering beans for JMX exposure on startup
2016-03-27 22:02:28,431 [main] INFO AnnotationMBeanExporter - Bean with name 'dataSource' has been autodetected for JMX exposure
2016-03-27 22:02:28,437 [main] INFO AnnotationMBeanExporter - Located MBean 'dataSource': registering with JMX server as MBean [com.zaxxer.hikari:name=dataSource,type=HikariDataSource]
2016-03-27 22:02:28,481 [main] INFO HikariDataSource - HikariPool-0 - is starting.
2016-03-27 22:02:29,028 [main] ERROR Application - error update user
2016-03-27 22:02:29,037 [main] INFO Application - Started Application in 4.46 seconds (JVM running for 5.412)
2016-03-27 22:02:29,084 [Thread-1] INFO AnnotationConfigApplicationContext - Closing org.springframework.context.annotation.AnnotationConfigApplicationContext@1d1841f8: startup date [Sun Mar 27 22:02:25 CST 2016]; root of context hierarchy
2016-03-27 22:02:29,089 [Thread-1] INFO AnnotationMBeanExporter - Unregistering JMX-exposed beans on shutdown
2016-03-27 22:02:29,090 [Thread-1] INFO AnnotationMBeanExporter - Unregistering JMX-exposed beans
2016-03-27 22:02:29,094 [Thread-1] WARN DisposableBeanAdapter - Invocation of destroy method 'close' failed on bean with name 'sqlSessionTemplate': java.lang.UnsupportedOperationException: Manual close is not allowed over a Spring managed SqlSession
2016-03-27 22:02:29,095 [Thread-1] INFO HikariPool - HikariPool-0 - is closing down.
2016-03-27 22:12:27,044 [main] INFO Application - Starting Application on raymond-PC with PID 12604 (G:\dcworkspace\retentionPolicy\target\classes started by raymond in G:\dcworkspace\retentionPolicy)
2016-03-27 22:12:27,056 [main] INFO Application - No active profile set, falling back to default profiles: default
2016-03-27 22:12:27,163 [main] INFO AnnotationConfigApplicationContext - Refreshing org.springframework.context.annotation.AnnotationConfigApplicationContext@bec04ab: startup date [Sun Mar 27 22:12:27 CST 2016]; root of context hierarchy
2016-03-27 22:12:28,664 [main] WARN ClassPathMapperScanner - Skipping MapperFactoryBean with name 'usersMapper' and 'UsersMapper' mapperInterface. Bean already defined with the same name!
2016-03-27 22:12:28,664 [main] WARN ClassPathMapperScanner - No MyBatis mapper was found in '[com.duplicall.retention.mapper]' package. Please check your configuration.
2016-03-27 22:12:29,110 [main] INFO PostProcessorRegistrationDelegate$BeanPostProcessorChecker - Bean 'spring.datasource.CONFIGURATION_PROPERTIES' of type [class org.springframework.boot.autoconfigure.jdbc.DataSourceProperties] is not eligible for getting processed by all BeanPostProcessors (for example: not eligible for auto-proxying)
2016-03-27 22:12:29,111 [main] INFO PostProcessorRegistrationDelegate$BeanPostProcessorChecker - Bean 'org.springframework.boot.autoconfigure.jdbc.DataSourceAutoConfiguration$NonEmbeddedConfiguration' of type [class org.springframework.boot.autoconfigure.jdbc.DataSourceAutoConfiguration$NonEmbeddedConfiguration] is not eligible for getting processed by all BeanPostProcessors (for example: not eligible for auto-proxying)
2016-03-27 22:12:29,284 [main] INFO PostProcessorRegistrationDelegate$BeanPostProcessorChecker - Bean 'dataSource' of type [class com.zaxxer.hikari.HikariDataSource] is not eligible for getting processed by all BeanPostProcessors (for example: not eligible for auto-proxying)
2016-03-27 22:12:29,289 [main] INFO PostProcessorRegistrationDelegate$BeanPostProcessorChecker - Bean 'myBatisConfig' of type [class MyBatisConfig$$EnhancerBySpringCGLIB$$53666224] is not eligible for getting processed by all BeanPostProcessors (for example: not eligible for auto-proxying)
2016-03-27 22:12:29,687 [main] INFO PostProcessorRegistrationDelegate$BeanPostProcessorChecker - Bean 'sqlSessionFactory' of type [class org.apache.ibatis.session.defaults.DefaultSqlSessionFactory] is not eligible for getting processed by all BeanPostProcessors (for example: not eligible for auto-proxying)
2016-03-27 22:12:29,707 [main] INFO PostProcessorRegistrationDelegate$BeanPostProcessorChecker - Bean 'sqlSessionTemplate' of type [class org.mybatis.spring.SqlSessionTemplate] is not eligible for getting processed by all BeanPostProcessors (for example: not eligible for auto-proxying)
2016-03-27 22:12:29,710 [main] INFO PostProcessorRegistrationDelegate$BeanPostProcessorChecker - Bean 'IUserService' of type [class org.mybatis.spring.mapper.MapperFactoryBean] is not eligible for getting processed by all BeanPostProcessors (for example: not eligible for auto-proxying)
2016-03-27 22:12:29,713 [main] INFO PostProcessorRegistrationDelegate$BeanPostProcessorChecker - Bean 'usersMapper' of type [class org.mybatis.spring.mapper.MapperFactoryBean] is not eligible for getting processed by all BeanPostProcessors (for example: not eligible for auto-proxying)
2016-03-27 22:12:30,526 [main] INFO AnnotationMBeanExporter - Registering beans for JMX exposure on startup
2016-03-27 22:12:30,529 [main] INFO AnnotationMBeanExporter - Bean with name 'dataSource' has been autodetected for JMX exposure
2016-03-27 22:12:30,538 [main] INFO AnnotationMBeanExporter - Located MBean 'dataSource': registering with JMX server as MBean [com.zaxxer.hikari:name=dataSource,type=HikariDataSource]
2016-03-27 22:12:30,594 [main] INFO HikariDataSource - HikariPool-0 - is starting.
2016-03-27 22:12:31,299 [main] ERROR Application - error update user
2016-03-27 22:12:31,302 [main] INFO Application - Started Application in 4.982 seconds (JVM running for 5.98)
2016-03-27 22:12:31,304 [Thread-1] INFO AnnotationConfigApplicationContext - Closing org.springframework.context.annotation.AnnotationConfigApplicationContext@bec04ab: startup date [Sun Mar 27 22:12:27 CST 2016]; root of context hierarchy
2016-03-27 22:12:31,309 [Thread-1] INFO AnnotationMBeanExporter - Unregistering JMX-exposed beans on shutdown
2016-03-27 22:12:31,309 [Thread-1] INFO AnnotationMBeanExporter - Unregistering JMX-exposed beans
2016-03-27 22:12:31,312 [Thread-1] WARN DisposableBeanAdapter - Invocation of destroy method 'close' failed on bean with name 'sqlSessionTemplate': java.lang.UnsupportedOperationException: Manual close is not allowed over a Spring managed SqlSession
2016-03-27 22:12:31,313 [Thread-1] INFO HikariPool - HikariPool-0 - is closing down.
2016-03-27 22:14:00,933 [main] INFO Application - Starting Application on raymond-PC with PID 10124 (G:\dcworkspace\retentionPolicy\target\classes started by raymond in G:\dcworkspace\retentionPolicy)
2016-03-27 22:14:00,938 [main] INFO Application - No active profile set, falling back to default profiles: default
2016-03-27 22:14:01,018 [main] INFO AnnotationConfigApplicationContext - Refreshing org.springframework.context.annotation.AnnotationConfigApplicationContext@43635780: startup date [Sun Mar 27 22:14:01 CST 2016]; root of context hierarchy
2016-03-27 22:14:02,368 [main] WARN ClassPathMapperScanner - Skipping MapperFactoryBean with name 'usersMapper' and 'UsersMapper' mapperInterface. Bean already defined with the same name!
2016-03-27 22:14:02,368 [main] WARN ClassPathMapperScanner - No MyBatis mapper was found in '[com.duplicall.retention.mapper]' package. Please check your configuration.
2016-03-27 22:14:02,842 [main] INFO PostProcessorRegistrationDelegate$BeanPostProcessorChecker - Bean 'spring.datasource.CONFIGURATION_PROPERTIES' of type [class org.springframework.boot.autoconfigure.jdbc.DataSourceProperties] is not eligible for getting processed by all BeanPostProcessors (for example: not eligible for auto-proxying)
2016-03-27 22:14:02,843 [main] INFO PostProcessorRegistrationDelegate$BeanPostProcessorChecker - Bean 'org.springframework.boot.autoconfigure.jdbc.DataSourceAutoConfiguration$NonEmbeddedConfiguration' of type [class org.springframework.boot.autoconfigure.jdbc.DataSourceAutoConfiguration$NonEmbeddedConfiguration] is not eligible for getting processed by all BeanPostProcessors (for example: not eligible for auto-proxying)
2016-03-27 22:14:03,042 [main] INFO PostProcessorRegistrationDelegate$BeanPostProcessorChecker - Bean 'dataSource' of type [class com.zaxxer.hikari.HikariDataSource] is not eligible for getting processed by all BeanPostProcessors (for example: not eligible for auto-proxying)
2016-03-27 22:14:03,047 [main] INFO PostProcessorRegistrationDelegate$BeanPostProcessorChecker - Bean 'myBatisConfig' of type [class MyBatisConfig$$EnhancerBySpringCGLIB$$79db60b] is not eligible for getting processed by all BeanPostProcessors (for example: not eligible for auto-proxying)
2016-03-27 22:14:03,528 [main] INFO PostProcessorRegistrationDelegate$BeanPostProcessorChecker - Bean 'sqlSessionFactory' of type [class org.apache.ibatis.session.defaults.DefaultSqlSessionFactory] is not eligible for getting processed by all BeanPostProcessors (for example: not eligible for auto-proxying)
2016-03-27 22:14:03,550 [main] INFO PostProcessorRegistrationDelegate$BeanPostProcessorChecker - Bean 'sqlSessionTemplate' of type [class org.mybatis.spring.SqlSessionTemplate] is not eligible for getting processed by all BeanPostProcessors (for example: not eligible for auto-proxying)
2016-03-27 22:14:03,553 [main] INFO PostProcessorRegistrationDelegate$BeanPostProcessorChecker - Bean 'IUserService' of type [class org.mybatis.spring.mapper.MapperFactoryBean] is not eligible for getting processed by all BeanPostProcessors (for example: not eligible for auto-proxying)
2016-03-27 22:14:03,556 [main] INFO PostProcessorRegistrationDelegate$BeanPostProcessorChecker - Bean 'usersMapper' of type [class org.mybatis.spring.mapper.MapperFactoryBean] is not eligible for getting processed by all BeanPostProcessors (for example: not eligible for auto-proxying)
2016-03-27 22:14:04,204 [main] INFO AnnotationMBeanExporter - Registering beans for JMX exposure on startup
2016-03-27 22:14:04,206 [main] INFO AnnotationMBeanExporter - Bean with name 'dataSource' has been autodetected for JMX exposure
2016-03-27 22:14:04,216 [main] INFO AnnotationMBeanExporter - Located MBean 'dataSource': registering with JMX server as MBean [com.zaxxer.hikari:name=dataSource,type=HikariDataSource]
2016-03-27 22:14:04,263 [main] INFO HikariDataSource - HikariPool-0 - is starting.
2016-03-27 22:14:04,750 [main] ERROR Application - error update user
2016-03-27 22:14:04,752 [main] INFO Application - Started Application in 4.938 seconds (JVM running for 6.216)
2016-03-27 22:14:04,753 [Thread-1] INFO AnnotationConfigApplicationContext - Closing org.springframework.context.annotation.AnnotationConfigApplicationContext@43635780: startup date [Sun Mar 27 22:14:01 CST 2016]; root of context hierarchy
2016-03-27 22:14:04,756 [Thread-1] INFO AnnotationMBeanExporter - Unregistering JMX-exposed beans on shutdown
2016-03-27 22:14:04,756 [Thread-1] INFO AnnotationMBeanExporter - Unregistering JMX-exposed beans
2016-03-27 22:14:04,758 [Thread-1] WARN DisposableBeanAdapter - Invocation of destroy method 'close' failed on bean with name 'sqlSessionTemplate': java.lang.UnsupportedOperationException: Manual close is not allowed over a Spring managed SqlSession
2016-03-27 22:14:04,759 [Thread-1] INFO HikariPool - HikariPool-0 - is closing down.
2016-03-27 22:16:47,014 [main] INFO Application - Starting Application on raymond-PC with PID 12572 (G:\dcworkspace\retentionPolicy\target\classes started by raymond in G:\dcworkspace\retentionPolicy)
2016-03-27 22:16:47,018 [main] INFO Application - No active profile set, falling back to default profiles: default
2016-03-27 22:16:47,095 [main] INFO AnnotationConfigApplicationContext - Refreshing org.springframework.context.annotation.AnnotationConfigApplicationContext@25a296b8: startup date [Sun Mar 27 22:16:47 CST 2016]; root of context hierarchy
2016-03-27 22:16:48,528 [main] WARN ClassPathMapperScanner - Skipping MapperFactoryBean with name 'usersMapper' and 'UsersMapper' mapperInterface. Bean already defined with the same name!
2016-03-27 22:16:48,529 [main] WARN ClassPathMapperScanner - No MyBatis mapper was found in '[com.duplicall.retention.mapper]' package. Please check your configuration.
2016-03-27 22:16:48,944 [main] INFO PostProcessorRegistrationDelegate$BeanPostProcessorChecker - Bean 'spring.datasource.CONFIGURATION_PROPERTIES' of type [class org.springframework.boot.autoconfigure.jdbc.DataSourceProperties] is not eligible for getting processed by all BeanPostProcessors (for example: not eligible for auto-proxying)
2016-03-27 22:16:48,945 [main] INFO PostProcessorRegistrationDelegate$BeanPostProcessorChecker - Bean 'org.springframework.boot.autoconfigure.jdbc.DataSourceAutoConfiguration$NonEmbeddedConfiguration' of type [class org.springframework.boot.autoconfigure.jdbc.DataSourceAutoConfiguration$NonEmbeddedConfiguration] is not eligible for getting processed by all BeanPostProcessors (for example: not eligible for auto-proxying)
2016-03-27 22:16:49,120 [main] INFO PostProcessorRegistrationDelegate$BeanPostProcessorChecker - Bean 'dataSource' of type [class com.zaxxer.hikari.HikariDataSource] is not eligible for getting processed by all BeanPostProcessors (for example: not eligible for auto-proxying)
2016-03-27 22:16:49,124 [main] INFO PostProcessorRegistrationDelegate$BeanPostProcessorChecker - Bean 'myBatisConfig' of type [class MyBatisConfig$$EnhancerBySpringCGLIB$$fdb44911] is not eligible for getting processed by all BeanPostProcessors (for example: not eligible for auto-proxying)
2016-03-27 22:16:49,502 [main] INFO PostProcessorRegistrationDelegate$BeanPostProcessorChecker - Bean 'sqlSessionFactory' of type [class org.apache.ibatis.session.defaults.DefaultSqlSessionFactory] is not eligible for getting processed by all BeanPostProcessors (for example: not eligible for auto-proxying)
2016-03-27 22:16:49,524 [main] INFO PostProcessorRegistrationDelegate$BeanPostProcessorChecker - Bean 'sqlSessionTemplate' of type [class org.mybatis.spring.SqlSessionTemplate] is not eligible for getting processed by all BeanPostProcessors (for example: not eligible for auto-proxying)
2016-03-27 22:16:49,526 [main] INFO PostProcessorRegistrationDelegate$BeanPostProcessorChecker - Bean 'IUserService' of type [class org.mybatis.spring.mapper.MapperFactoryBean] is not eligible for getting processed by all BeanPostProcessors (for example: not eligible for auto-proxying)
2016-03-27 22:16:49,529 [main] INFO PostProcessorRegistrationDelegate$BeanPostProcessorChecker - Bean 'usersMapper' of type [class org.mybatis.spring.mapper.MapperFactoryBean] is not eligible for getting processed by all BeanPostProcessors (for example: not eligible for auto-proxying)
2016-03-27 22:16:50,184 [main] INFO AnnotationMBeanExporter - Registering beans for JMX exposure on startup
2016-03-27 22:16:50,186 [main] INFO AnnotationMBeanExporter - Bean with name 'dataSource' has been autodetected for JMX exposure
2016-03-27 22:16:50,194 [main] INFO AnnotationMBeanExporter - Located MBean 'dataSource': registering with JMX server as MBean [com.zaxxer.hikari:name=dataSource,type=HikariDataSource]
2016-03-27 22:16:50,245 [main] INFO HikariDataSource - HikariPool-0 - is starting.
2016-03-27 22:16:50,799 [main] ERROR Application - error update user
2016-03-27 22:16:50,802 [main] INFO Application - Started Application in 4.96 seconds (JVM running for 6.32)
2016-03-27 22:16:50,803 [Thread-1] INFO AnnotationConfigApplicationContext - Closing org.springframework.context.annotation.AnnotationConfigApplicationContext@25a296b8: startup date [Sun Mar 27 22:16:47 CST 2016]; root of context hierarchy
2016-03-27 22:16:50,808 [Thread-1] INFO AnnotationMBeanExporter - Unregistering JMX-exposed beans on shutdown
2016-03-27 22:16:50,809 [Thread-1] INFO AnnotationMBeanExporter - Unregistering JMX-exposed beans
2016-03-27 22:16:50,812 [Thread-1] WARN DisposableBeanAdapter - Invocation of destroy method 'close' failed on bean with name 'sqlSessionTemplate': java.lang.UnsupportedOperationException: Manual close is not allowed over a Spring managed SqlSession
2016-03-27 22:16:50,812 [Thread-1] INFO HikariPool - HikariPool-0 - is closing down.
2016-03-27 22:45:32,424 [main] INFO Application - Starting Application on raymond-PC with PID 11108 (G:\dcworkspace\retentionPolicy\target\classes started by raymond in G:\dcworkspace\retentionPolicy)
2016-03-27 22:45:32,461 [main] INFO Application - No active profile set, falling back to default profiles: default
2016-03-27 22:45:32,548 [main] INFO AnnotationConfigApplicationContext - Refreshing org.springframework.context.annotation.AnnotationConfigApplicationContext@46f8e337: startup date [Sun Mar 27 22:45:32 CST 2016]; root of context hierarchy
2016-03-27 22:45:33,924 [main] WARN ClassPathMapperScanner - Skipping MapperFactoryBean with name 'usersMapper' and 'UsersMapper' mapperInterface. Bean already defined with the same name!
2016-03-27 22:45:33,924 [main] WARN ClassPathMapperScanner - No MyBatis mapper was found in '[com.duplicall.retention.mapper]' package. Please check your configuration.
2016-03-27 22:45:34,414 [main] INFO PostProcessorRegistrationDelegate$BeanPostProcessorChecker - Bean 'spring.datasource.CONFIGURATION_PROPERTIES' of type [class org.springframework.boot.autoconfigure.jdbc.DataSourceProperties] is not eligible for getting processed by all BeanPostProcessors (for example: not eligible for auto-proxying)
2016-03-27 22:45:34,415 [main] INFO PostProcessorRegistrationDelegate$BeanPostProcessorChecker - Bean 'org.springframework.boot.autoconfigure.jdbc.DataSourceAutoConfiguration$NonEmbeddedConfiguration' of type [class org.springframework.boot.autoconfigure.jdbc.DataSourceAutoConfiguration$NonEmbeddedConfiguration] is not eligible for getting processed by all BeanPostProcessors (for example: not eligible for auto-proxying)
2016-03-27 22:45:34,580 [main] INFO PostProcessorRegistrationDelegate$BeanPostProcessorChecker - Bean 'dataSource' of type [class com.zaxxer.hikari.HikariDataSource] is not eligible for getting processed by all BeanPostProcessors (for example: not eligible for auto-proxying)
2016-03-27 22:45:34,584 [main] INFO PostProcessorRegistrationDelegate$BeanPostProcessorChecker - Bean 'myBatisConfig' of type [class MyBatisConfig$$EnhancerBySpringCGLIB$$5531fba4] is not eligible for getting processed by all BeanPostProcessors (for example: not eligible for auto-proxying)
2016-03-27 22:45:34,988 [main] INFO PostProcessorRegistrationDelegate$BeanPostProcessorChecker - Bean 'sqlSessionFactory' of type [class org.apache.ibatis.session.defaults.DefaultSqlSessionFactory] is not eligible for getting processed by all BeanPostProcessors (for example: not eligible for auto-proxying)
2016-03-27 22:45:35,007 [main] INFO PostProcessorRegistrationDelegate$BeanPostProcessorChecker - Bean 'sqlSessionTemplate' of type [class org.mybatis.spring.SqlSessionTemplate] is not eligible for getting processed by all BeanPostProcessors (for example: not eligible for auto-proxying)
2016-03-27 22:45:35,010 [main] INFO PostProcessorRegistrationDelegate$BeanPostProcessorChecker - Bean 'IUserService' of type [class org.mybatis.spring.mapper.MapperFactoryBean] is not eligible for getting processed by all BeanPostProcessors (for example: not eligible for auto-proxying)
2016-03-27 22:45:35,013 [main] INFO PostProcessorRegistrationDelegate$BeanPostProcessorChecker - Bean 'usersMapper' of type [class org.mybatis.spring.mapper.MapperFactoryBean] is not eligible for getting processed by all BeanPostProcessors (for example: not eligible for auto-proxying)
2016-03-27 22:45:35,935 [main] INFO AnnotationMBeanExporter - Registering beans for JMX exposure on startup
2016-03-27 22:45:35,938 [main] INFO AnnotationMBeanExporter - Bean with name 'dataSource' has been autodetected for JMX exposure
2016-03-27 22:45:35,944 [main] INFO AnnotationMBeanExporter - Located MBean 'dataSource': registering with JMX server as MBean [com.zaxxer.hikari:name=dataSource,type=HikariDataSource]
2016-03-27 22:45:35,982 [main] INFO HikariDataSource - HikariPool-0 - is starting.
2016-03-27 22:45:36,686 [main] ERROR Application - error update user
2016-03-27 22:45:36,708 [main] INFO Application - Started Application in 5.13 seconds (JVM running for 6.241)
2016-03-27 22:45:36,709 [Thread-1] INFO AnnotationConfigApplicationContext - Closing org.springframework.context.annotation.AnnotationConfigApplicationContext@46f8e337: startup date [Sun Mar 27 22:45:32 CST 2016]; root of context hierarchy
2016-03-27 22:45:36,711 [Thread-1] INFO AnnotationMBeanExporter - Unregistering JMX-exposed beans on shutdown
2016-03-27 22:45:36,712 [Thread-1] INFO AnnotationMBeanExporter - Unregistering JMX-exposed beans
2016-03-27 22:45:36,715 [Thread-1] WARN DisposableBeanAdapter - Invocation of destroy method 'close' failed on bean with name 'sqlSessionTemplate': java.lang.UnsupportedOperationException: Manual close is not allowed over a Spring managed SqlSession
2016-03-27 22:45:36,715 [Thread-1] INFO HikariPool - HikariPool-0 - is closing down.
2016-03-28 13:09:32,962 [main] INFO Application - Starting Application on raymond-PC with PID 2704 (G:\dcworkspace\retentionPolicy\target\classes started by raymond in G:\dcworkspace\retentionPolicy)
2016-03-28 13:09:32,967 [main] INFO Application - No active profile set, falling back to default profiles: default
2016-03-28 13:09:33,107 [main] INFO AnnotationConfigApplicationContext - Refreshing org.springframework.context.annotation.AnnotationConfigApplicationContext@1f65e220: startup date [Mon Mar 28 13:09:33 CST 2016]; root of context hierarchy
2016-03-28 13:09:35,346 [main] WARN ClassPathMapperScanner - Skipping MapperFactoryBean with name 'usersMapper' and 'com.duplicall.mapper.UsersMapper' mapperInterface. Bean already defined with the same name!
2016-03-28 13:09:35,347 [main] WARN ClassPathMapperScanner - No MyBatis mapper was found in '[com.duplicall.mapper]' package. Please check your configuration.
2016-03-28 13:09:36,411 [main] INFO PostProcessorRegistrationDelegate$BeanPostProcessorChecker - Bean 'spring.datasource.CONFIGURATION_PROPERTIES' of type [class org.springframework.boot.autoconfigure.jdbc.DataSourceProperties] is not eligible for getting processed by all BeanPostProcessors (for example: not eligible for auto-proxying)
2016-03-28 13:09:36,412 [main] INFO PostProcessorRegistrationDelegate$BeanPostProcessorChecker - Bean 'org.springframework.boot.autoconfigure.jdbc.DataSourceAutoConfiguration$NonEmbeddedConfiguration' of type [class org.springframework.boot.autoconfigure.jdbc.DataSourceAutoConfiguration$NonEmbeddedConfiguration] is not eligible for getting processed by all BeanPostProcessors (for example: not eligible for auto-proxying)
2016-03-28 13:09:36,836 [main] INFO PostProcessorRegistrationDelegate$BeanPostProcessorChecker - Bean 'dataSource' of type [class com.zaxxer.hikari.HikariDataSource] is not eligible for getting processed by all BeanPostProcessors (for example: not eligible for auto-proxying)
2016-03-28 13:09:36,851 [main] INFO PostProcessorRegistrationDelegate$BeanPostProcessorChecker - Bean 'myBatisConfig' of type [class com.duplicall.config.MyBatisConfig$$EnhancerBySpringCGLIB$$daa9d011] is not eligible for getting processed by all BeanPostProcessors (for example: not eligible for auto-proxying)
2016-03-28 13:09:38,326 [main] INFO PostProcessorRegistrationDelegate$BeanPostProcessorChecker - Bean 'sqlSessionFactory' of type [class org.apache.ibatis.session.defaults.DefaultSqlSessionFactory] is not eligible for getting processed by all BeanPostProcessors (for example: not eligible for auto-proxying)
2016-03-28 13:09:38,355 [main] INFO PostProcessorRegistrationDelegate$BeanPostProcessorChecker - Bean 'sqlSessionTemplate' of type [class org.mybatis.spring.SqlSessionTemplate] is not eligible for getting processed by all BeanPostProcessors (for example: not eligible for auto-proxying)
2016-03-28 13:09:38,358 [main] INFO PostProcessorRegistrationDelegate$BeanPostProcessorChecker - Bean 'IUserService' of type [class org.mybatis.spring.mapper.MapperFactoryBean] is not eligible for getting processed by all BeanPostProcessors (for example: not eligible for auto-proxying)
2016-03-28 13:09:38,361 [main] INFO PostProcessorRegistrationDelegate$BeanPostProcessorChecker - Bean 'usersMapper' of type [class org.mybatis.spring.mapper.MapperFactoryBean] is not eligible for getting processed by all BeanPostProcessors (for example: not eligible for auto-proxying)
2016-03-28 13:09:39,586 [main] INFO AnnotationMBeanExporter - Registering beans for JMX exposure on startup
2016-03-28 13:09:39,589 [main] INFO AnnotationMBeanExporter - Bean with name 'dataSource' has been autodetected for JMX exposure
2016-03-28 13:09:39,598 [main] INFO AnnotationMBeanExporter - Located MBean 'dataSource': registering with JMX server as MBean [com.zaxxer.hikari:name=dataSource,type=HikariDataSource]
2016-03-28 13:09:39,688 [main] INFO HikariDataSource - HikariPool-0 - is starting.
2016-03-28 13:09:40,796 [main] ERROR Application - error update user
2016-03-28 13:09:40,798 [main] INFO Application - Started Application in 9.264 seconds (JVM running for 12.454)
2016-03-28 13:09:40,800 [Thread-1] INFO AnnotationConfigApplicationContext - Closing org.springframework.context.annotation.AnnotationConfigApplicationContext@1f65e220: startup date [Mon Mar 28 13:09:33 CST 2016]; root of context hierarchy
2016-03-28 13:09:40,807 [Thread-1] INFO AnnotationMBeanExporter - Unregistering JMX-exposed beans on shutdown
2016-03-28 13:09:40,807 [Thread-1] INFO AnnotationMBeanExporter - Unregistering JMX-exposed beans
2016-03-28 13:09:40,811 [Thread-1] WARN DisposableBeanAdapter - Invocation of destroy method 'close' failed on bean with name 'sqlSessionTemplate': java.lang.UnsupportedOperationException: Manual close is not allowed over a Spring managed SqlSession
2016-03-28 13:09:40,812 [Thread-1] INFO HikariPool - HikariPool-0 - is closing down.
2016-03-28 13:11:15,843 [main] INFO Application - Starting Application on raymond-PC with PID 11340 (G:\dcworkspace\retentionPolicy\target\classes started by raymond in G:\dcworkspace\retentionPolicy)
2016-03-28 13:11:15,849 [main] INFO Application - No active profile set, falling back to default profiles: default
2016-03-28 13:11:16,016 [main] INFO AnnotationConfigApplicationContext - Refreshing org.springframework.context.annotation.AnnotationConfigApplicationContext@32ceaf87: startup date [Mon Mar 28 13:11:16 CST 2016]; root of context hierarchy
2016-03-28 13:11:17,420 [main] WARN ClassPathMapperScanner - Skipping MapperFactoryBean with name 'usersMapper' and 'com.duplicall.mapper.UsersMapper' mapperInterface. Bean already defined with the same name!
2016-03-28 13:11:17,421 [main] WARN ClassPathMapperScanner - No MyBatis mapper was found in '[com.duplicall.mapper]' package. Please check your configuration.
2016-03-28 13:11:17,949 [main] INFO PostProcessorRegistrationDelegate$BeanPostProcessorChecker - Bean 'spring.datasource.CONFIGURATION_PROPERTIES' of type [class org.springframework.boot.autoconfigure.jdbc.DataSourceProperties] is not eligible for getting processed by all BeanPostProcessors (for example: not eligible for auto-proxying)
2016-03-28 13:11:17,951 [main] INFO PostProcessorRegistrationDelegate$BeanPostProcessorChecker - Bean 'org.springframework.boot.autoconfigure.jdbc.DataSourceAutoConfiguration$NonEmbeddedConfiguration' of type [class org.springframework.boot.autoconfigure.jdbc.DataSourceAutoConfiguration$NonEmbeddedConfiguration] is not eligible for getting processed by all BeanPostProcessors (for example: not eligible for auto-proxying)
2016-03-28 13:11:18,102 [main] INFO PostProcessorRegistrationDelegate$BeanPostProcessorChecker - Bean 'dataSource' of type [class com.zaxxer.hikari.HikariDataSource] is not eligible for getting processed by all BeanPostProcessors (for example: not eligible for auto-proxying)
2016-03-28 13:11:18,106 [main] INFO PostProcessorRegistrationDelegate$BeanPostProcessorChecker - Bean 'myBatisConfig' of type [class com.duplicall.config.MyBatisConfig$$EnhancerBySpringCGLIB$$17ffb21a] is not eligible for getting processed by all BeanPostProcessors (for example: not eligible for auto-proxying)
2016-03-28 13:11:18,645 [main] INFO PostProcessorRegistrationDelegate$BeanPostProcessorChecker - Bean 'sqlSessionFactory' of type [class org.apache.ibatis.session.defaults.DefaultSqlSessionFactory] is not eligible for getting processed by all BeanPostProcessors (for example: not eligible for auto-proxying)
2016-03-28 13:11:18,666 [main] INFO PostProcessorRegistrationDelegate$BeanPostProcessorChecker - Bean 'sqlSessionTemplate' of type [class org.mybatis.spring.SqlSessionTemplate] is not eligible for getting processed by all BeanPostProcessors (for example: not eligible for auto-proxying)
2016-03-28 13:11:18,668 [main] INFO PostProcessorRegistrationDelegate$BeanPostProcessorChecker - Bean 'IUserService' of type [class org.mybatis.spring.mapper.MapperFactoryBean] is not eligible for getting processed by all BeanPostProcessors (for example: not eligible for auto-proxying)
2016-03-28 13:11:18,670 [main] INFO PostProcessorRegistrationDelegate$BeanPostProcessorChecker - Bean 'usersMapper' of type [class org.mybatis.spring.mapper.MapperFactoryBean] is not eligible for getting processed by all BeanPostProcessors (for example: not eligible for auto-proxying)
2016-03-28 13:11:19,276 [main] INFO AnnotationMBeanExporter - Registering beans for JMX exposure on startup
2016-03-28 13:11:19,278 [main] INFO AnnotationMBeanExporter - Bean with name 'dataSource' has been autodetected for JMX exposure
2016-03-28 13:11:19,283 [main] INFO AnnotationMBeanExporter - Located MBean 'dataSource': registering with JMX server as MBean [com.zaxxer.hikari:name=dataSource,type=HikariDataSource]
2016-03-28 13:11:19,313 [main] INFO HikariDataSource - HikariPool-0 - is starting.
